<?xml version="1.0" encoding="UTF-8"?>
<!-- Generated by org.testng.reporters.JUnitReportReporter -->
<testsuite hostname="krishn-MacBook-Pro" failures="0" tests="1" name="Test.demo1" time="1.815" errors="0" timestamp="2024-01-22T03:10:27 IST" skipped="0">
  <testcase classname="Test.demo1" name="get_req" time="1.815"/>
</testsuite> <!-- Test.demo1 -->
